<?xml version="1.0" encoding="UTF-8"?>
<!-- Generated by org.testng.reporters.JUnitXMLReporter -->
<testsuite ignored="8" hostname="ENE" failures="0" tests="1" name="Supervisor(failed)(failed)(failed)(failed)(failed)(failed)" time="39.265" errors="0" timestamp="2023-01-20T18:14:05 WAT">
  <testcase classname="BetterLifeTest.SupervisorPageTest" name="Add_Field_Officer_To_Village" time="39.217"/>
  <testcase classname="BetterLifeTest.SupervisorPageTest" name="Verify_Manage_Field_Officer_Distance_Travelled_Button" time="0.0">
    <ignored/>
  </testcase> <!-- Verify_Manage_Field_Officer_Distance_Travelled_Button -->
  <testcase classname="BetterLifeTest.SupervisorPageTest" name="Verify_Manage_Field_Officer_Portfolio_Size_Button" time="0.0">
    <ignored/>
  </testcase> <!-- Verify_Manage_Field_Officer_Portfolio_Size_Button -->
  <testcase classname="BetterLifeTest.SupervisorPageTest" name="Verify_View_A_Field_Officer_Allocation" time="0.0">
    <ignored/>
  </testcase> <!-- Verify_View_A_Field_Officer_Allocation -->
  <testcase classname="BetterLifeTest.SupervisorPageTest" name="Verify_Add_FO_To_Quadrant" time="0.0">
    <ignored/>
  </testcase> <!-- Verify_Add_FO_To_Quadrant -->
  <testcase classname="BetterLifeTest.SupervisorPageTest" name="Verify_Send_For_Approval_Button" time="0.0">
    <ignored/>
  </testcase> <!-- Verify_Send_For_Approval_Button -->
  <testcase classname="BetterLifeTest.SupervisorPageTest" name="Add_Lead_Coach_Button_In_Go_To_Quadrant" time="0.0">
    <ignored/>
  </testcase> <!-- Add_Lead_Coach_Button_In_Go_To_Quadrant -->
  <testcase classname="BetterLifeTest.SupervisorPageTest" name="Verify_Add_FO_To_Quadrant_For_Assignment" time="0.0">
    <ignored/>
  </testcase> <!-- Verify_Add_FO_To_Quadrant_For_Assignment -->
  <testcase classname="BetterLifeTest.SupervisorPageTest" name="Verify_Remove_FO_From_Quadrant" time="0.0">
    <ignored/>
  </testcase> <!-- Verify_Remove_FO_From_Quadrant -->
</testsuite> <!-- Supervisor(failed)(failed)(failed)(failed)(failed)(failed) -->
