<?xml version="1.0" encoding="UTF-8"?>
<!-- Generated by org.testng.reporters.JUnitXMLReporter -->
<testsuite ignored="0" hostname="ENE" failures="0" tests="12" name="Default test" time="90.539" errors="0" timestamp="2023-01-25T10:29:44 WAT">
  <testcase classname="BetterLifeTest.LogingPageTest" name="Verify_Admin_Login_LogOut" time="14.222"/>
  <testcase classname="BetterLifeTest.LogingPageTest" name="Verify_Admin_Login_With_Empty_UserName_And_Password_Field" time="7.942"/>
  <testcase classname="BetterLifeTest.LogingPageTest" name="Verify_Admin_Login_With_Invalid_UserName_Invalid_Password" time="8.262"/>
  <testcase classname="BetterLifeTest.LogingPageTest" name="Verify_Admin_Login_With_Invalid_UserName_Valid_Password" time="9.186"/>
  <testcase classname="BetterLifeTest.LogingPageTest" name="Verify_Admin_Login_With_Valid_UserName_Invalid_Password" time="8.202"/>
  <testcase classname="BetterLifeTest.LogingPageTest" name="Verify_Direct_Supervisor_Login_Logout" time="8.743"/>
  <testcase classname="BetterLifeTest.LogingPageTest" name="Verify_In_Season_Advisor_Login_Logout" time="8.52"/>
  <testcase classname="BetterLifeTest.LogingPageTest" name="Verify_Supervisor_Login_With_Empty_UserName_And_Password_Field" time="3.376"/>
  <testcase classname="BetterLifeTest.LogingPageTest" name="Verify_Supervisor_Login_With_Invalid_UserName_Invalid_Password" time="3.388"/>
  <testcase classname="BetterLifeTest.LogingPageTest" name="Verify_Supervisor_Login_With_Invalid_UserName_Valid_Password" time="3.627"/>
  <testcase classname="BetterLifeTest.LogingPageTest" name="Verify_Supervisor_Login_With_Valid_UserName_Invalid_Password" time="4.276"/>
  <testcase classname="BetterLifeTest.LogingPageTest" name="Verify_TGE_Supervisor_Login_Logout" time="10.73"/>
</testsuite> <!-- Default test -->
