<?xml version="1.0" encoding="UTF-8"?>
<!-- Generated by org.testng.reporters.JUnitXMLReporter -->
<testsuite ignored="0" hostname="ENE" failures="1" tests="6" name="Admin" time="323.5" errors="0" timestamp="2023-01-20T14:17:57 WAT">
  <testcase classname="BetterLifeTest.AdminPageTest" name="Verify_Admin_Can_Switch_Hub" time="21.794"/>
  <testcase classname="BetterLifeTest.AdminPageTest" name="Verify_Approve_All_Button" time="53.671"/>
  <testcase classname="BetterLifeTest.AdminPageTest" name="Verify_Reject_All_Button" time="61.261"/>
  <testcase classname="BetterLifeTest.AdminPageTest" name="Verify_Approve_And_Reject_A_Single_FO" time="88.583"/>
  <testcase classname="BetterLifeTest.AdminPageTest" name="Verify_Re_Assign_FO" time="23.834">
    <failure type="org.openqa.selenium.ElementClickInterceptedException" message="element click intercepted: Element &amp;lt;div class=&amp;quot;cursor-pointer h-20 text-4xl flex items-center justify-center col-span-1 text-white bg-[#eec978]&amp;quot;&amp;gt;...&amp;lt;/div&amp;gt; is not clickable at point (310, 238). Other element would receive the click: &amp;lt;div class=&amp;quot;loader-wrapper&amp;quot;&amp;gt;...&amp;lt;/div&amp;gt;
  (Session info: MicrosoftEdge=109.0.1518.55)
Build info: version: &amp;apos;4.3.0&amp;apos;, revision: &amp;apos;a4995e2c09*&amp;apos;
System info: host: &amp;apos;ENE&amp;apos;, ip: &amp;apos;192.168.77.240&amp;apos;, os.name: &amp;apos;Windows 11&amp;apos;, os.arch: &amp;apos;amd64&amp;apos;, os.version: &amp;apos;10.0&amp;apos;, java.version: &amp;apos;11.0.14&amp;apos;
Driver info: org.openqa.selenium.edge.EdgeDriver
Command: [529b4c63ff3c7359f808054a4a972f92, clickElement {id=5e07ae31-5c78-4cbb-8292-47f93b1ed6fa}]
Capabilities {acceptInsecureCerts: false, browserName: msedge, browserVersion: 109.0.1518.55, ms:edgeOptions: {debuggerAddress: localhost:64085}, msedge: {msedgedriverVersion: 109.0.1518.61 (354b36f96bab..., userDataDir: C:\Users\bglag\AppData\Loca...}, networkConnectionEnabled: false, pageLoadStrategy: normal, platformName: WINDOWS, proxy: Proxy(), se:cdp: ws://localhost:64085/devtoo..., se:cdpVersion: 109.0.1518.55, setWindowRect: true, strictFileInteractability: false, timeouts: {implicit: 0, pageLoad: 300000, script: 30000}, unhandledPromptBehavior: dismiss and notify, webauthn:extension:credBlob: true, webauthn:extension:largeBlob: true, webauthn:virtualAuthenticators: true}
Element: [[EdgeDriver: msedge on WINDOWS (529b4c63ff3c7359f808054a4a972f92)] -&amp;gt; xpath: //div[@class=&amp;apos;cursor-pointer h-20 text-4xl flex items-center justify-center col-span-1 text-white bg-[#eec978]&amp;apos;]]
Session ID: 529b4c63ff3c7359f808054a4a972f92">
      <![CDATA[org.openqa.selenium.ElementClickInterceptedException: element click intercepted: Element <div class="cursor-pointer h-20 text-4xl flex items-center justify-center col-span-1 text-white bg-[#eec978]">...</div> is not clickable at point (310, 238). Other element would receive the click: <div class="loader-wrapper">...</div>
  (Session info: MicrosoftEdge=109.0.1518.55)
Build info: version: '4.3.0', revision: 'a4995e2c09*'
System info: host: 'ENE', ip: '192.168.77.240', os.name: 'Windows 11', os.arch: 'amd64', os.version: '10.0', java.version: '11.0.14'
Driver info: org.openqa.selenium.edge.EdgeDriver
Command: [529b4c63ff3c7359f808054a4a972f92, clickElement {id=5e07ae31-5c78-4cbb-8292-47f93b1ed6fa}]
Capabilities {acceptInsecureCerts: false, browserName: msedge, browserVersion: 109.0.1518.55, ms:edgeOptions: {debuggerAddress: localhost:64085}, msedge: {msedgedriverVersion: 109.0.1518.61 (354b36f96bab..., userDataDir: C:\Users\bglag\AppData\Loca...}, networkConnectionEnabled: false, pageLoadStrategy: normal, platformName: WINDOWS, proxy: Proxy(), se:cdp: ws://localhost:64085/devtoo..., se:cdpVersion: 109.0.1518.55, setWindowRect: true, strictFileInteractability: false, timeouts: {implicit: 0, pageLoad: 300000, script: 30000}, unhandledPromptBehavior: dismiss and notify, webauthn:extension:credBlob: true, webauthn:extension:largeBlob: true, webauthn:virtualAuthenticators: true}
Element: [[EdgeDriver: msedge on WINDOWS (529b4c63ff3c7359f808054a4a972f92)] -> xpath: //div[@class='cursor-pointer h-20 text-4xl flex items-center justify-center col-span-1 text-white bg-[#eec978]']]
Session ID: 529b4c63ff3c7359f808054a4a972f92
at org.openqa.selenium.remote.codec.w3c.W3CHttpResponseCodec.createException(W3CHttpResponseCodec.java:200)
at org.openqa.selenium.remote.codec.w3c.W3CHttpResponseCodec.decode(W3CHttpResponseCodec.java:133)
at org.openqa.selenium.remote.codec.w3c.W3CHttpResponseCodec.decode(W3CHttpResponseCodec.java:53)
at org.openqa.selenium.remote.HttpCommandExecutor.execute(HttpCommandExecutor.java:184)
at org.openqa.selenium.remote.service.DriverCommandExecutor.invokeExecute(DriverCommandExecutor.java:167)
at org.openqa.selenium.remote.service.DriverCommandExecutor.execute(DriverCommandExecutor.java:142)
at org.openqa.selenium.remote.RemoteWebDriver.execute(RemoteWebDriver.java:569)
at org.openqa.selenium.remote.RemoteWebElement.execute(RemoteWebElement.java:257)
at org.openqa.selenium.remote.RemoteWebElement.click(RemoteWebElement.java:78)
at org.openqa.selenium.support.pagefactory.internal.LocatingElementHandler.invoke(LocatingElementHandler.java:52)
at com.sun.proxy.$Proxy14.click(Unknown Source)
at BetterLifePages.AdminPage.ApproveAndReject_A_SingleRequest1(AdminPage.java:146)
at BetterLifeTest.AdminPageTest.Verify_Re_Assign_FO(AdminPageTest.java:137)
at java.base/java.util.ArrayList.forEach(ArrayList.java:1541)
... Removed 34 stack frames]]>
    </failure>
  </testcase> <!-- Verify_Re_Assign_FO -->
  <testcase classname="BetterLifeTest.AdminPageTest" name="Reset_Process_Test" time="74.34"/>
</testsuite> <!-- Admin -->
