<?xml version="1.0" encoding="UTF-8"?>
<!-- Generated by org.testng.reporters.JUnitXMLReporter -->
<testsuite ignored="0" hostname="ENE" failures="1" tests="6" name="Admin" time="350.855" errors="0" timestamp="2023-01-23T14:45:32 WAT">
  <testcase classname="BetterLifeTest.AdminPageTest" name="Verify_Admin_Can_Switch_Hub" time="22.343"/>
  <testcase classname="BetterLifeTest.AdminPageTest" name="Verify_Approve_All_Button" time="56.419"/>
  <testcase classname="BetterLifeTest.AdminPageTest" name="Verify_Reject_All_Button" time="62.633"/>
  <testcase classname="BetterLifeTest.AdminPageTest" name="Verify_Approve_And_Reject_A_Single_FO" time="87.468"/>
  <testcase classname="BetterLifeTest.AdminPageTest" name="Verify_Re_Assign_FO" time="82.587"/>
  <testcase classname="BetterLifeTest.AdminPageTest" name="Reset_Process_Test" time="39.379">
    <failure type="org.openqa.selenium.ElementClickInterceptedException" message="element click intercepted: Element &amp;lt;button class=&amp;quot;w-full btn-own py-2 bg-secondary text-white text-[15px]&amp;quot;&amp;gt;...&amp;lt;/button&amp;gt; is not clickable at point (744, 544). Other element would receive the click: &amp;lt;div class=&amp;quot;react-responsive-modal-container react-responsive-modal-containerCenter&amp;quot; data-testid=&amp;quot;modal-container&amp;quot;&amp;gt;...&amp;lt;/div&amp;gt;
  (Session info: MicrosoftEdge=109.0.1518.55)
Build info: version: &amp;apos;4.3.0&amp;apos;, revision: &amp;apos;a4995e2c09*&amp;apos;
System info: host: &amp;apos;ENE&amp;apos;, ip: &amp;apos;192.168.77.240&amp;apos;, os.name: &amp;apos;Windows 11&amp;apos;, os.arch: &amp;apos;amd64&amp;apos;, os.version: &amp;apos;10.0&amp;apos;, java.version: &amp;apos;11.0.14&amp;apos;
Driver info: org.openqa.selenium.edge.EdgeDriver
Command: [d2eb824f7aa6f1a5a9480c89e0686d3f, clickElement {id=47bd63da-4e1f-4188-b050-cf625041981e}]
Capabilities {acceptInsecureCerts: false, browserName: msedge, browserVersion: 109.0.1518.55, ms:edgeOptions: {debuggerAddress: localhost:55504}, msedge: {msedgedriverVersion: 109.0.1518.61 (354b36f96bab..., userDataDir: C:\Users\bglag\AppData\Loca...}, networkConnectionEnabled: false, pageLoadStrategy: normal, platformName: WINDOWS, proxy: Proxy(), se:cdp: ws://localhost:55504/devtoo..., se:cdpVersion: 109.0.1518.55, setWindowRect: true, strictFileInteractability: false, timeouts: {implicit: 0, pageLoad: 300000, script: 30000}, unhandledPromptBehavior: dismiss and notify, webauthn:extension:credBlob: true, webauthn:extension:largeBlob: true, webauthn:virtualAuthenticators: true}
Element: [[EdgeDriver: msedge on WINDOWS (d2eb824f7aa6f1a5a9480c89e0686d3f)] -&amp;gt; xpath: //button[normalize-space()=&amp;apos;Approve Portfolios&amp;apos;]]
Session ID: d2eb824f7aa6f1a5a9480c89e0686d3f">
      <![CDATA[org.openqa.selenium.ElementClickInterceptedException: element click intercepted: Element <button class="w-full btn-own py-2 bg-secondary text-white text-[15px]">...</button> is not clickable at point (744, 544). Other element would receive the click: <div class="react-responsive-modal-container react-responsive-modal-containerCenter" data-testid="modal-container">...</div>
  (Session info: MicrosoftEdge=109.0.1518.55)
Build info: version: '4.3.0', revision: 'a4995e2c09*'
System info: host: 'ENE', ip: '192.168.77.240', os.name: 'Windows 11', os.arch: 'amd64', os.version: '10.0', java.version: '11.0.14'
Driver info: org.openqa.selenium.edge.EdgeDriver
Command: [d2eb824f7aa6f1a5a9480c89e0686d3f, clickElement {id=47bd63da-4e1f-4188-b050-cf625041981e}]
Capabilities {acceptInsecureCerts: false, browserName: msedge, browserVersion: 109.0.1518.55, ms:edgeOptions: {debuggerAddress: localhost:55504}, msedge: {msedgedriverVersion: 109.0.1518.61 (354b36f96bab..., userDataDir: C:\Users\bglag\AppData\Loca...}, networkConnectionEnabled: false, pageLoadStrategy: normal, platformName: WINDOWS, proxy: Proxy(), se:cdp: ws://localhost:55504/devtoo..., se:cdpVersion: 109.0.1518.55, setWindowRect: true, strictFileInteractability: false, timeouts: {implicit: 0, pageLoad: 300000, script: 30000}, unhandledPromptBehavior: dismiss and notify, webauthn:extension:credBlob: true, webauthn:extension:largeBlob: true, webauthn:virtualAuthenticators: true}
Element: [[EdgeDriver: msedge on WINDOWS (d2eb824f7aa6f1a5a9480c89e0686d3f)] -> xpath: //button[normalize-space()='Approve Portfolios']]
Session ID: d2eb824f7aa6f1a5a9480c89e0686d3f
at org.openqa.selenium.remote.codec.w3c.W3CHttpResponseCodec.createException(W3CHttpResponseCodec.java:200)
at org.openqa.selenium.remote.codec.w3c.W3CHttpResponseCodec.decode(W3CHttpResponseCodec.java:133)
at org.openqa.selenium.remote.codec.w3c.W3CHttpResponseCodec.decode(W3CHttpResponseCodec.java:53)
at org.openqa.selenium.remote.HttpCommandExecutor.execute(HttpCommandExecutor.java:184)
at org.openqa.selenium.remote.service.DriverCommandExecutor.invokeExecute(DriverCommandExecutor.java:167)
at org.openqa.selenium.remote.service.DriverCommandExecutor.execute(DriverCommandExecutor.java:142)
at org.openqa.selenium.remote.RemoteWebDriver.execute(RemoteWebDriver.java:569)
at org.openqa.selenium.remote.RemoteWebElement.execute(RemoteWebElement.java:257)
at org.openqa.selenium.remote.RemoteWebElement.click(RemoteWebElement.java:78)
at org.openqa.selenium.support.pagefactory.internal.LocatingElementHandler.invoke(LocatingElementHandler.java:52)
at com.sun.proxy.$Proxy14.click(Unknown Source)
at BetterLifePages.AdminPage.Rest_To_Reject_Status(AdminPage.java:197)
at BetterLifeTest.AdminPageTest.Reset_Process_Test(AdminPageTest.java:169)
at java.base/java.util.ArrayList.forEach(ArrayList.java:1541)
... Removed 34 stack frames]]>
    </failure>
  </testcase> <!-- Reset_Process_Test -->
</testsuite> <!-- Admin -->
