<?xml version="1.0" encoding="UTF-8"?>
<!-- Generated by org.testng.reporters.JUnitXMLReporter -->
<testsuite ignored="0" hostname="ENE" failures="6" tests="9" name="Supervisor" time="303.184" errors="0" timestamp="2023-01-12T11:28:01 WAT">
  <testcase classname="BetterLifeTest.SupervisorPageTest" name="Verify_Add_FO_To_Quadrant" time="42.26"/>
  <testcase classname="BetterLifeTest.SupervisorPageTest" name="Verify_View_A_Field_Officer_Allocation" time="10.246">
    <failure type="org.openqa.selenium.ElementClickInterceptedException" message="element click intercepted: Element &amp;lt;div class=&amp;quot;text-lg w-3/5 text-left&amp;quot;&amp;gt;...&amp;lt;/div&amp;gt; is not clickable at point (369, 278). Other element would receive the click: &amp;lt;div class=&amp;quot;loader-wrapper&amp;quot;&amp;gt;...&amp;lt;/div&amp;gt;
  (Session info: MicrosoftEdge=108.0.1462.76)
Build info: version: &amp;apos;4.3.0&amp;apos;, revision: &amp;apos;a4995e2c09*&amp;apos;
System info: host: &amp;apos;ENE&amp;apos;, ip: &amp;apos;192.168.252.240&amp;apos;, os.name: &amp;apos;Windows 11&amp;apos;, os.arch: &amp;apos;amd64&amp;apos;, os.version: &amp;apos;10.0&amp;apos;, java.version: &amp;apos;11.0.14&amp;apos;
Driver info: org.openqa.selenium.edge.EdgeDriver
Command: [1128463b8100fcb72f61125402f7d202, clickElement {id=7c69b944-0ad5-47eb-9130-bd7556ef0de2}]
Capabilities {acceptInsecureCerts: false, browserName: msedge, browserVersion: 108.0.1462.76, ms:edgeOptions: {debuggerAddress: localhost:65155}, msedge: {msedgedriverVersion: 108.0.1462.76 (5feb33087363..., userDataDir: C:\Users\bglag\AppData\Loca...}, networkConnectionEnabled: false, pageLoadStrategy: normal, platformName: WINDOWS, proxy: Proxy(), se:cdp: ws://localhost:65155/devtoo..., se:cdpVersion: 108.0.1462.76, setWindowRect: true, strictFileInteractability: false, timeouts: {implicit: 0, pageLoad: 300000, script: 30000}, unhandledPromptBehavior: dismiss and notify, webauthn:extension:credBlob: true, webauthn:extension:largeBlob: true, webauthn:virtualAuthenticators: true}
Element: [[EdgeDriver: msedge on WINDOWS (1128463b8100fcb72f61125402f7d202)] -&amp;gt; xpath: //div[normalize-space()=&amp;apos;Assign Field Officers to Quadrants&amp;apos;]]
Session ID: 1128463b8100fcb72f61125402f7d202">
      <![CDATA[org.openqa.selenium.ElementClickInterceptedException: element click intercepted: Element <div class="text-lg w-3/5 text-left">...</div> is not clickable at point (369, 278). Other element would receive the click: <div class="loader-wrapper">...</div>
  (Session info: MicrosoftEdge=108.0.1462.76)
Build info: version: '4.3.0', revision: 'a4995e2c09*'
System info: host: 'ENE', ip: '192.168.252.240', os.name: 'Windows 11', os.arch: 'amd64', os.version: '10.0', java.version: '11.0.14'
Driver info: org.openqa.selenium.edge.EdgeDriver
Command: [1128463b8100fcb72f61125402f7d202, clickElement {id=7c69b944-0ad5-47eb-9130-bd7556ef0de2}]
Capabilities {acceptInsecureCerts: false, browserName: msedge, browserVersion: 108.0.1462.76, ms:edgeOptions: {debuggerAddress: localhost:65155}, msedge: {msedgedriverVersion: 108.0.1462.76 (5feb33087363..., userDataDir: C:\Users\bglag\AppData\Loca...}, networkConnectionEnabled: false, pageLoadStrategy: normal, platformName: WINDOWS, proxy: Proxy(), se:cdp: ws://localhost:65155/devtoo..., se:cdpVersion: 108.0.1462.76, setWindowRect: true, strictFileInteractability: false, timeouts: {implicit: 0, pageLoad: 300000, script: 30000}, unhandledPromptBehavior: dismiss and notify, webauthn:extension:credBlob: true, webauthn:extension:largeBlob: true, webauthn:virtualAuthenticators: true}
Element: [[EdgeDriver: msedge on WINDOWS (1128463b8100fcb72f61125402f7d202)] -> xpath: //div[normalize-space()='Assign Field Officers to Quadrants']]
Session ID: 1128463b8100fcb72f61125402f7d202
at org.openqa.selenium.remote.codec.w3c.W3CHttpResponseCodec.createException(W3CHttpResponseCodec.java:200)
at org.openqa.selenium.remote.codec.w3c.W3CHttpResponseCodec.decode(W3CHttpResponseCodec.java:133)
at org.openqa.selenium.remote.codec.w3c.W3CHttpResponseCodec.decode(W3CHttpResponseCodec.java:53)
at org.openqa.selenium.remote.HttpCommandExecutor.execute(HttpCommandExecutor.java:184)
at org.openqa.selenium.remote.service.DriverCommandExecutor.invokeExecute(DriverCommandExecutor.java:167)
at org.openqa.selenium.remote.service.DriverCommandExecutor.execute(DriverCommandExecutor.java:142)
at org.openqa.selenium.remote.RemoteWebDriver.execute(RemoteWebDriver.java:569)
at org.openqa.selenium.remote.RemoteWebElement.execute(RemoteWebElement.java:257)
at org.openqa.selenium.remote.RemoteWebElement.click(RemoteWebElement.java:78)
at org.openqa.selenium.support.pagefactory.internal.LocatingElementHandler.invoke(LocatingElementHandler.java:52)
at com.sun.proxy.$Proxy14.click(Unknown Source)
at BetterLifePages.SupervisorPage.ViewFieldOfficerAllocation(SupervisorPage.java:149)
at BetterLifeTest.SupervisorPageTest.Verify_View_A_Field_Officer_Allocation(SupervisorPageTest.java:48)
at java.base/java.util.ArrayList.forEach(ArrayList.java:1541)
... Removed 35 stack frames]]>
    </failure>
  </testcase> <!-- Verify_View_A_Field_Officer_Allocation -->
  <testcase classname="BetterLifeTest.SupervisorPageTest" name="Verify_Remove_FO_From_Quadrant" time="41.215">
    <failure type="org.openqa.selenium.ElementClickInterceptedException" message="element click intercepted: Element &amp;lt;button class=&amp;quot;quadrant-btn&amp;quot;&amp;gt;...&amp;lt;/button&amp;gt; is not clickable at point (536, 319). Other element would receive the click: &amp;lt;div class=&amp;quot;loader-wrapper&amp;quot;&amp;gt;...&amp;lt;/div&amp;gt;
  (Session info: MicrosoftEdge=108.0.1462.76)
Build info: version: &amp;apos;4.3.0&amp;apos;, revision: &amp;apos;a4995e2c09*&amp;apos;
System info: host: &amp;apos;ENE&amp;apos;, ip: &amp;apos;192.168.252.240&amp;apos;, os.name: &amp;apos;Windows 11&amp;apos;, os.arch: &amp;apos;amd64&amp;apos;, os.version: &amp;apos;10.0&amp;apos;, java.version: &amp;apos;11.0.14&amp;apos;
Driver info: org.openqa.selenium.edge.EdgeDriver
Command: [939d0b22cded2f28454f342bcb4e6da4, clickElement {id=8803d856-85ba-4590-8f4f-2f601e63cbdc}]
Capabilities {acceptInsecureCerts: false, browserName: msedge, browserVersion: 108.0.1462.76, ms:edgeOptions: {debuggerAddress: localhost:65195}, msedge: {msedgedriverVersion: 108.0.1462.76 (5feb33087363..., userDataDir: C:\Users\bglag\AppData\Loca...}, networkConnectionEnabled: false, pageLoadStrategy: normal, platformName: WINDOWS, proxy: Proxy(), se:cdp: ws://localhost:65195/devtoo..., se:cdpVersion: 108.0.1462.76, setWindowRect: true, strictFileInteractability: false, timeouts: {implicit: 0, pageLoad: 300000, script: 30000}, unhandledPromptBehavior: dismiss and notify, webauthn:extension:credBlob: true, webauthn:extension:largeBlob: true, webauthn:virtualAuthenticators: true}
Element: [[EdgeDriver: msedge on WINDOWS (939d0b22cded2f28454f342bcb4e6da4)] -&amp;gt; xpath: //button[normalize-space()=&amp;apos;View Field Officer Assignments&amp;apos;]]
Session ID: 939d0b22cded2f28454f342bcb4e6da4">
      <![CDATA[org.openqa.selenium.ElementClickInterceptedException: element click intercepted: Element <button class="quadrant-btn">...</button> is not clickable at point (536, 319). Other element would receive the click: <div class="loader-wrapper">...</div>
  (Session info: MicrosoftEdge=108.0.1462.76)
Build info: version: '4.3.0', revision: 'a4995e2c09*'
System info: host: 'ENE', ip: '192.168.252.240', os.name: 'Windows 11', os.arch: 'amd64', os.version: '10.0', java.version: '11.0.14'
Driver info: org.openqa.selenium.edge.EdgeDriver
Command: [939d0b22cded2f28454f342bcb4e6da4, clickElement {id=8803d856-85ba-4590-8f4f-2f601e63cbdc}]
Capabilities {acceptInsecureCerts: false, browserName: msedge, browserVersion: 108.0.1462.76, ms:edgeOptions: {debuggerAddress: localhost:65195}, msedge: {msedgedriverVersion: 108.0.1462.76 (5feb33087363..., userDataDir: C:\Users\bglag\AppData\Loca...}, networkConnectionEnabled: false, pageLoadStrategy: normal, platformName: WINDOWS, proxy: Proxy(), se:cdp: ws://localhost:65195/devtoo..., se:cdpVersion: 108.0.1462.76, setWindowRect: true, strictFileInteractability: false, timeouts: {implicit: 0, pageLoad: 300000, script: 30000}, unhandledPromptBehavior: dismiss and notify, webauthn:extension:credBlob: true, webauthn:extension:largeBlob: true, webauthn:virtualAuthenticators: true}
Element: [[EdgeDriver: msedge on WINDOWS (939d0b22cded2f28454f342bcb4e6da4)] -> xpath: //button[normalize-space()='View Field Officer Assignments']]
Session ID: 939d0b22cded2f28454f342bcb4e6da4
at org.openqa.selenium.remote.codec.w3c.W3CHttpResponseCodec.createException(W3CHttpResponseCodec.java:200)
at org.openqa.selenium.remote.codec.w3c.W3CHttpResponseCodec.decode(W3CHttpResponseCodec.java:133)
at org.openqa.selenium.remote.codec.w3c.W3CHttpResponseCodec.decode(W3CHttpResponseCodec.java:53)
at org.openqa.selenium.remote.HttpCommandExecutor.execute(HttpCommandExecutor.java:184)
at org.openqa.selenium.remote.service.DriverCommandExecutor.invokeExecute(DriverCommandExecutor.java:167)
at org.openqa.selenium.remote.service.DriverCommandExecutor.execute(DriverCommandExecutor.java:142)
at org.openqa.selenium.remote.RemoteWebDriver.execute(RemoteWebDriver.java:569)
at org.openqa.selenium.remote.RemoteWebElement.execute(RemoteWebElement.java:257)
at org.openqa.selenium.remote.RemoteWebElement.click(RemoteWebElement.java:78)
at org.openqa.selenium.support.pagefactory.internal.LocatingElementHandler.invoke(LocatingElementHandler.java:52)
at com.sun.proxy.$Proxy14.click(Unknown Source)
at BetterLifePages.SupervisorPage.Remove_FO_From_Quadrant_1(SupervisorPage.java:129)
at BetterLifeTest.SupervisorPageTest.Verify_Remove_FO_From_Quadrant(SupervisorPageTest.java:61)
at java.base/java.util.ArrayList.forEach(ArrayList.java:1541)
... Removed 34 stack frames]]>
    </failure>
  </testcase> <!-- Verify_Remove_FO_From_Quadrant -->
  <testcase classname="BetterLifeTest.SupervisorPageTest" name="Add_Lead_Coach_Button_In_Go_To_Quadrant" time="49.325">
    <failure type="org.openqa.selenium.ElementClickInterceptedException" message="element click intercepted: Element &amp;lt;div class=&amp;quot;text-lg w-3/5 text-left&amp;quot;&amp;gt;...&amp;lt;/div&amp;gt; is not clickable at point (747, 278). Other element would receive the click: &amp;lt;div class=&amp;quot;loader&amp;quot;&amp;gt;&amp;lt;/div&amp;gt;
  (Session info: MicrosoftEdge=108.0.1462.76)
Build info: version: &amp;apos;4.3.0&amp;apos;, revision: &amp;apos;a4995e2c09*&amp;apos;
System info: host: &amp;apos;ENE&amp;apos;, ip: &amp;apos;192.168.252.240&amp;apos;, os.name: &amp;apos;Windows 11&amp;apos;, os.arch: &amp;apos;amd64&amp;apos;, os.version: &amp;apos;10.0&amp;apos;, java.version: &amp;apos;11.0.14&amp;apos;
Driver info: org.openqa.selenium.edge.EdgeDriver
Command: [5a7186d561c9436fda621da69bd1401c, clickElement {id=5e6eb69f-bee7-474c-9da6-ff861c2ed5c8}]
Capabilities {acceptInsecureCerts: false, browserName: msedge, browserVersion: 108.0.1462.76, ms:edgeOptions: {debuggerAddress: localhost:65242}, msedge: {msedgedriverVersion: 108.0.1462.76 (5feb33087363..., userDataDir: C:\Users\bglag\AppData\Loca...}, networkConnectionEnabled: false, pageLoadStrategy: normal, platformName: WINDOWS, proxy: Proxy(), se:cdp: ws://localhost:65242/devtoo..., se:cdpVersion: 108.0.1462.76, setWindowRect: true, strictFileInteractability: false, timeouts: {implicit: 0, pageLoad: 300000, script: 30000}, unhandledPromptBehavior: dismiss and notify, webauthn:extension:credBlob: true, webauthn:extension:largeBlob: true, webauthn:virtualAuthenticators: true}
Element: [[EdgeDriver: msedge on WINDOWS (5a7186d561c9436fda621da69bd1401c)] -&amp;gt; xpath: //div[normalize-space()=&amp;apos;Assign Field officers to Villages within Quads&amp;apos;]]
Session ID: 5a7186d561c9436fda621da69bd1401c">
      <![CDATA[org.openqa.selenium.ElementClickInterceptedException: element click intercepted: Element <div class="text-lg w-3/5 text-left">...</div> is not clickable at point (747, 278). Other element would receive the click: <div class="loader"></div>
  (Session info: MicrosoftEdge=108.0.1462.76)
Build info: version: '4.3.0', revision: 'a4995e2c09*'
System info: host: 'ENE', ip: '192.168.252.240', os.name: 'Windows 11', os.arch: 'amd64', os.version: '10.0', java.version: '11.0.14'
Driver info: org.openqa.selenium.edge.EdgeDriver
Command: [5a7186d561c9436fda621da69bd1401c, clickElement {id=5e6eb69f-bee7-474c-9da6-ff861c2ed5c8}]
Capabilities {acceptInsecureCerts: false, browserName: msedge, browserVersion: 108.0.1462.76, ms:edgeOptions: {debuggerAddress: localhost:65242}, msedge: {msedgedriverVersion: 108.0.1462.76 (5feb33087363..., userDataDir: C:\Users\bglag\AppData\Loca...}, networkConnectionEnabled: false, pageLoadStrategy: normal, platformName: WINDOWS, proxy: Proxy(), se:cdp: ws://localhost:65242/devtoo..., se:cdpVersion: 108.0.1462.76, setWindowRect: true, strictFileInteractability: false, timeouts: {implicit: 0, pageLoad: 300000, script: 30000}, unhandledPromptBehavior: dismiss and notify, webauthn:extension:credBlob: true, webauthn:extension:largeBlob: true, webauthn:virtualAuthenticators: true}
Element: [[EdgeDriver: msedge on WINDOWS (5a7186d561c9436fda621da69bd1401c)] -> xpath: //div[normalize-space()='Assign Field officers to Villages within Quads']]
Session ID: 5a7186d561c9436fda621da69bd1401c
at org.openqa.selenium.remote.codec.w3c.W3CHttpResponseCodec.createException(W3CHttpResponseCodec.java:200)
at org.openqa.selenium.remote.codec.w3c.W3CHttpResponseCodec.decode(W3CHttpResponseCodec.java:133)
at org.openqa.selenium.remote.codec.w3c.W3CHttpResponseCodec.decode(W3CHttpResponseCodec.java:53)
at org.openqa.selenium.remote.HttpCommandExecutor.execute(HttpCommandExecutor.java:184)
at org.openqa.selenium.remote.service.DriverCommandExecutor.invokeExecute(DriverCommandExecutor.java:167)
at org.openqa.selenium.remote.service.DriverCommandExecutor.execute(DriverCommandExecutor.java:142)
at org.openqa.selenium.remote.RemoteWebDriver.execute(RemoteWebDriver.java:569)
at org.openqa.selenium.remote.RemoteWebElement.execute(RemoteWebElement.java:257)
at org.openqa.selenium.remote.RemoteWebElement.click(RemoteWebElement.java:78)
at org.openqa.selenium.support.pagefactory.internal.LocatingElementHandler.invoke(LocatingElementHandler.java:52)
at com.sun.proxy.$Proxy14.click(Unknown Source)
at BetterLifePages.SupervisorPage.AddLeadCoachButton(SupervisorPage.java:177)
at BetterLifeTest.SupervisorPageTest.Add_Lead_Coach_Button_In_Go_To_Quadrant(SupervisorPageTest.java:79)
at java.base/java.util.ArrayList.forEach(ArrayList.java:1541)
... Removed 34 stack frames]]>
    </failure>
  </testcase> <!-- Add_Lead_Coach_Button_In_Go_To_Quadrant -->
  <testcase classname="BetterLifeTest.SupervisorPageTest" name="Verify_Add_FO_To_Quadrant_For_Assignment" time="38.018">
    <failure type="org.openqa.selenium.ElementClickInterceptedException" message="element click intercepted: Element &amp;lt;div class=&amp;quot;text-lg w-3/5 text-left&amp;quot;&amp;gt;...&amp;lt;/div&amp;gt; is not clickable at point (369, 278). Other element would receive the click: &amp;lt;div class=&amp;quot;loader-wrapper&amp;quot;&amp;gt;...&amp;lt;/div&amp;gt;
  (Session info: MicrosoftEdge=108.0.1462.76)
Build info: version: &amp;apos;4.3.0&amp;apos;, revision: &amp;apos;a4995e2c09*&amp;apos;
System info: host: &amp;apos;ENE&amp;apos;, ip: &amp;apos;192.168.252.240&amp;apos;, os.name: &amp;apos;Windows 11&amp;apos;, os.arch: &amp;apos;amd64&amp;apos;, os.version: &amp;apos;10.0&amp;apos;, java.version: &amp;apos;11.0.14&amp;apos;
Driver info: org.openqa.selenium.edge.EdgeDriver
Command: [7779174d6755c40e20c9283948922560, clickElement {id=07c838e2-5531-459c-b6de-6ddb5460a0a6}]
Capabilities {acceptInsecureCerts: false, browserName: msedge, browserVersion: 108.0.1462.76, ms:edgeOptions: {debuggerAddress: localhost:65297}, msedge: {msedgedriverVersion: 108.0.1462.76 (5feb33087363..., userDataDir: C:\Users\bglag\AppData\Loca...}, networkConnectionEnabled: false, pageLoadStrategy: normal, platformName: WINDOWS, proxy: Proxy(), se:cdp: ws://localhost:65297/devtoo..., se:cdpVersion: 108.0.1462.76, setWindowRect: true, strictFileInteractability: false, timeouts: {implicit: 0, pageLoad: 300000, script: 30000}, unhandledPromptBehavior: dismiss and notify, webauthn:extension:credBlob: true, webauthn:extension:largeBlob: true, webauthn:virtualAuthenticators: true}
Element: [[EdgeDriver: msedge on WINDOWS (7779174d6755c40e20c9283948922560)] -&amp;gt; xpath: //div[normalize-space()=&amp;apos;Assign Field Officers to Quadrants&amp;apos;]]
Session ID: 7779174d6755c40e20c9283948922560">
      <![CDATA[org.openqa.selenium.ElementClickInterceptedException: element click intercepted: Element <div class="text-lg w-3/5 text-left">...</div> is not clickable at point (369, 278). Other element would receive the click: <div class="loader-wrapper">...</div>
  (Session info: MicrosoftEdge=108.0.1462.76)
Build info: version: '4.3.0', revision: 'a4995e2c09*'
System info: host: 'ENE', ip: '192.168.252.240', os.name: 'Windows 11', os.arch: 'amd64', os.version: '10.0', java.version: '11.0.14'
Driver info: org.openqa.selenium.edge.EdgeDriver
Command: [7779174d6755c40e20c9283948922560, clickElement {id=07c838e2-5531-459c-b6de-6ddb5460a0a6}]
Capabilities {acceptInsecureCerts: false, browserName: msedge, browserVersion: 108.0.1462.76, ms:edgeOptions: {debuggerAddress: localhost:65297}, msedge: {msedgedriverVersion: 108.0.1462.76 (5feb33087363..., userDataDir: C:\Users\bglag\AppData\Loca...}, networkConnectionEnabled: false, pageLoadStrategy: normal, platformName: WINDOWS, proxy: Proxy(), se:cdp: ws://localhost:65297/devtoo..., se:cdpVersion: 108.0.1462.76, setWindowRect: true, strictFileInteractability: false, timeouts: {implicit: 0, pageLoad: 300000, script: 30000}, unhandledPromptBehavior: dismiss and notify, webauthn:extension:credBlob: true, webauthn:extension:largeBlob: true, webauthn:virtualAuthenticators: true}
Element: [[EdgeDriver: msedge on WINDOWS (7779174d6755c40e20c9283948922560)] -> xpath: //div[normalize-space()='Assign Field Officers to Quadrants']]
Session ID: 7779174d6755c40e20c9283948922560
at org.openqa.selenium.remote.codec.w3c.W3CHttpResponseCodec.createException(W3CHttpResponseCodec.java:200)
at org.openqa.selenium.remote.codec.w3c.W3CHttpResponseCodec.decode(W3CHttpResponseCodec.java:133)
at org.openqa.selenium.remote.codec.w3c.W3CHttpResponseCodec.decode(W3CHttpResponseCodec.java:53)
at org.openqa.selenium.remote.HttpCommandExecutor.execute(HttpCommandExecutor.java:184)
at org.openqa.selenium.remote.service.DriverCommandExecutor.invokeExecute(DriverCommandExecutor.java:167)
at org.openqa.selenium.remote.service.DriverCommandExecutor.execute(DriverCommandExecutor.java:142)
at org.openqa.selenium.remote.RemoteWebDriver.execute(RemoteWebDriver.java:569)
at org.openqa.selenium.remote.RemoteWebElement.execute(RemoteWebElement.java:257)
at org.openqa.selenium.remote.RemoteWebElement.click(RemoteWebElement.java:78)
at org.openqa.selenium.support.pagefactory.internal.LocatingElementHandler.invoke(LocatingElementHandler.java:52)
at com.sun.proxy.$Proxy14.click(Unknown Source)
at BetterLifePages.SupervisorPage.AssignToQuadrant_1(SupervisorPage.java:101)
at BetterLifeTest.SupervisorPageTest.Verify_Add_FO_To_Quadrant_For_Assignment(SupervisorPageTest.java:93)
at java.base/java.util.ArrayList.forEach(ArrayList.java:1541)
... Removed 34 stack frames]]>
    </failure>
  </testcase> <!-- Verify_Add_FO_To_Quadrant_For_Assignment -->
  <testcase classname="BetterLifeTest.SupervisorPageTest" name="Add_Field_Officer_To_Village" time="53.761">
    <failure type="org.openqa.selenium.NoSuchElementException" message="no such element: Unable to locate element: {&amp;quot;method&amp;quot;:&amp;quot;xpath&amp;quot;,&amp;quot;selector&amp;quot;:&amp;quot;(//img[@alt=&amp;apos;profile&amp;apos;])&amp;quot;}
  (Session info: MicrosoftEdge=108.0.1462.76)
For documentation on this error, please visit: https://selenium.dev/exceptions/#no_such_element
Build info: version: &amp;apos;4.3.0&amp;apos;, revision: &amp;apos;a4995e2c09*&amp;apos;
System info: host: &amp;apos;ENE&amp;apos;, ip: &amp;apos;192.168.252.240&amp;apos;, os.name: &amp;apos;Windows 11&amp;apos;, os.arch: &amp;apos;amd64&amp;apos;, os.version: &amp;apos;10.0&amp;apos;, java.version: &amp;apos;11.0.14&amp;apos;
Driver info: org.openqa.selenium.edge.EdgeDriver
Command: [2ada08c48a043cb437fcd2fdaf3e50d7, findElement {using=xpath, value=(//img[@alt=&amp;apos;profile&amp;apos;])}]
Capabilities {acceptInsecureCerts: false, browserName: msedge, browserVersion: 108.0.1462.76, ms:edgeOptions: {debuggerAddress: localhost:65363}, msedge: {msedgedriverVersion: 108.0.1462.76 (5feb33087363..., userDataDir: C:\Users\bglag\AppData\Loca...}, networkConnectionEnabled: false, pageLoadStrategy: normal, platformName: WINDOWS, proxy: Proxy(), se:cdp: ws://localhost:65363/devtoo..., se:cdpVersion: 108.0.1462.76, setWindowRect: true, strictFileInteractability: false, timeouts: {implicit: 0, pageLoad: 300000, script: 30000}, unhandledPromptBehavior: dismiss and notify, webauthn:extension:credBlob: true, webauthn:extension:largeBlob: true, webauthn:virtualAuthenticators: true}
Session ID: 2ada08c48a043cb437fcd2fdaf3e50d7">
      <![CDATA[org.openqa.selenium.NoSuchElementException: no such element: Unable to locate element: {"method":"xpath","selector":"(//img[@alt='profile'])"}
  (Session info: MicrosoftEdge=108.0.1462.76)
For documentation on this error, please visit: https://selenium.dev/exceptions/#no_such_element
Build info: version: '4.3.0', revision: 'a4995e2c09*'
System info: host: 'ENE', ip: '192.168.252.240', os.name: 'Windows 11', os.arch: 'amd64', os.version: '10.0', java.version: '11.0.14'
Driver info: org.openqa.selenium.edge.EdgeDriver
Command: [2ada08c48a043cb437fcd2fdaf3e50d7, findElement {using=xpath, value=(//img[@alt='profile'])}]
Capabilities {acceptInsecureCerts: false, browserName: msedge, browserVersion: 108.0.1462.76, ms:edgeOptions: {debuggerAddress: localhost:65363}, msedge: {msedgedriverVersion: 108.0.1462.76 (5feb33087363..., userDataDir: C:\Users\bglag\AppData\Loca...}, networkConnectionEnabled: false, pageLoadStrategy: normal, platformName: WINDOWS, proxy: Proxy(), se:cdp: ws://localhost:65363/devtoo..., se:cdpVersion: 108.0.1462.76, setWindowRect: true, strictFileInteractability: false, timeouts: {implicit: 0, pageLoad: 300000, script: 30000}, unhandledPromptBehavior: dismiss and notify, webauthn:extension:credBlob: true, webauthn:extension:largeBlob: true, webauthn:virtualAuthenticators: true}
Session ID: 2ada08c48a043cb437fcd2fdaf3e50d7
at org.openqa.selenium.remote.codec.w3c.W3CHttpResponseCodec.createException(W3CHttpResponseCodec.java:200)
at org.openqa.selenium.remote.codec.w3c.W3CHttpResponseCodec.decode(W3CHttpResponseCodec.java:133)
at org.openqa.selenium.remote.codec.w3c.W3CHttpResponseCodec.decode(W3CHttpResponseCodec.java:53)
at org.openqa.selenium.remote.HttpCommandExecutor.execute(HttpCommandExecutor.java:184)
at org.openqa.selenium.remote.service.DriverCommandExecutor.invokeExecute(DriverCommandExecutor.java:167)
at org.openqa.selenium.remote.service.DriverCommandExecutor.execute(DriverCommandExecutor.java:142)
at org.openqa.selenium.remote.RemoteWebDriver.execute(RemoteWebDriver.java:569)
at org.openqa.selenium.remote.ElementLocation$ElementFinder$2.findElement(ElementLocation.java:162)
at org.openqa.selenium.remote.ElementLocation.findElement(ElementLocation.java:60)
at org.openqa.selenium.remote.RemoteWebDriver.findElement(RemoteWebDriver.java:387)
at org.openqa.selenium.remote.RemoteWebDriver.findElement(RemoteWebDriver.java:379)
at BetterLifeTest.SupervisorPageTest.Add_Field_Officer_To_Village(SupervisorPageTest.java:111)
at java.base/java.util.ArrayList.forEach(ArrayList.java:1541)
... Removed 31 stack frames]]>
    </failure>
  </testcase> <!-- Add_Field_Officer_To_Village -->
  <testcase classname="BetterLifeTest.SupervisorPageTest" name="Verify_Manage_Field_Officer_Portfolio_Size_Button" time="33.07">
    <failure type="org.openqa.selenium.NoSuchElementException" message="no such element: Unable to locate element: {&amp;quot;method&amp;quot;:&amp;quot;xpath&amp;quot;,&amp;quot;selector&amp;quot;:&amp;quot;//div[normalize-space()=&amp;apos;Manage Field Officers Portfolio Size&amp;apos;]&amp;quot;}
  (Session info: MicrosoftEdge=108.0.1462.76)
For documentation on this error, please visit: https://selenium.dev/exceptions/#no_such_element
Build info: version: &amp;apos;4.3.0&amp;apos;, revision: &amp;apos;a4995e2c09*&amp;apos;
System info: host: &amp;apos;ENE&amp;apos;, ip: &amp;apos;192.168.252.240&amp;apos;, os.name: &amp;apos;Windows 11&amp;apos;, os.arch: &amp;apos;amd64&amp;apos;, os.version: &amp;apos;10.0&amp;apos;, java.version: &amp;apos;11.0.14&amp;apos;
Driver info: org.openqa.selenium.edge.EdgeDriver
Command: [43e038325c294cdee18884bbb92a9dfb, findElement {using=xpath, value=//div[normalize-space()=&amp;apos;Manage Field Officers Portfolio Size&amp;apos;]}]
Capabilities {acceptInsecureCerts: false, browserName: msedge, browserVersion: 108.0.1462.76, ms:edgeOptions: {debuggerAddress: localhost:65463}, msedge: {msedgedriverVersion: 108.0.1462.76 (5feb33087363..., userDataDir: C:\Users\bglag\AppData\Loca...}, networkConnectionEnabled: false, pageLoadStrategy: normal, platformName: WINDOWS, proxy: Proxy(), se:cdp: ws://localhost:65463/devtoo..., se:cdpVersion: 108.0.1462.76, setWindowRect: true, strictFileInteractability: false, timeouts: {implicit: 0, pageLoad: 300000, script: 30000}, unhandledPromptBehavior: dismiss and notify, webauthn:extension:credBlob: true, webauthn:extension:largeBlob: true, webauthn:virtualAuthenticators: true}
Session ID: 43e038325c294cdee18884bbb92a9dfb">
      <![CDATA[org.openqa.selenium.NoSuchElementException: no such element: Unable to locate element: {"method":"xpath","selector":"//div[normalize-space()='Manage Field Officers Portfolio Size']"}
  (Session info: MicrosoftEdge=108.0.1462.76)
For documentation on this error, please visit: https://selenium.dev/exceptions/#no_such_element
Build info: version: '4.3.0', revision: 'a4995e2c09*'
System info: host: 'ENE', ip: '192.168.252.240', os.name: 'Windows 11', os.arch: 'amd64', os.version: '10.0', java.version: '11.0.14'
Driver info: org.openqa.selenium.edge.EdgeDriver
Command: [43e038325c294cdee18884bbb92a9dfb, findElement {using=xpath, value=//div[normalize-space()='Manage Field Officers Portfolio Size']}]
Capabilities {acceptInsecureCerts: false, browserName: msedge, browserVersion: 108.0.1462.76, ms:edgeOptions: {debuggerAddress: localhost:65463}, msedge: {msedgedriverVersion: 108.0.1462.76 (5feb33087363..., userDataDir: C:\Users\bglag\AppData\Loca...}, networkConnectionEnabled: false, pageLoadStrategy: normal, platformName: WINDOWS, proxy: Proxy(), se:cdp: ws://localhost:65463/devtoo..., se:cdpVersion: 108.0.1462.76, setWindowRect: true, strictFileInteractability: false, timeouts: {implicit: 0, pageLoad: 300000, script: 30000}, unhandledPromptBehavior: dismiss and notify, webauthn:extension:credBlob: true, webauthn:extension:largeBlob: true, webauthn:virtualAuthenticators: true}
Session ID: 43e038325c294cdee18884bbb92a9dfb
at org.openqa.selenium.remote.codec.w3c.W3CHttpResponseCodec.createException(W3CHttpResponseCodec.java:200)
at org.openqa.selenium.remote.codec.w3c.W3CHttpResponseCodec.decode(W3CHttpResponseCodec.java:133)
at org.openqa.selenium.remote.codec.w3c.W3CHttpResponseCodec.decode(W3CHttpResponseCodec.java:53)
at org.openqa.selenium.remote.HttpCommandExecutor.execute(HttpCommandExecutor.java:184)
at org.openqa.selenium.remote.service.DriverCommandExecutor.invokeExecute(DriverCommandExecutor.java:167)
at org.openqa.selenium.remote.service.DriverCommandExecutor.execute(DriverCommandExecutor.java:142)
at org.openqa.selenium.remote.RemoteWebDriver.execute(RemoteWebDriver.java:569)
at org.openqa.selenium.remote.ElementLocation$ElementFinder$2.findElement(ElementLocation.java:162)
at org.openqa.selenium.remote.ElementLocation.findElement(ElementLocation.java:60)
at org.openqa.selenium.remote.RemoteWebDriver.findElement(RemoteWebDriver.java:387)
at org.openqa.selenium.remote.RemoteWebDriver.findElement(RemoteWebDriver.java:379)
at org.openqa.selenium.support.pagefactory.DefaultElementLocator.findElement(DefaultElementLocator.java:70)
at org.openqa.selenium.support.pagefactory.internal.LocatingElementHandler.invoke(LocatingElementHandler.java:39)
at com.sun.proxy.$Proxy14.click(Unknown Source)
at BetterLifePages.SupervisorPage.ManageFieldOfficerPortfolioSize(SupervisorPage.java:190)
at BetterLifeTest.SupervisorPageTest.Verify_Manage_Field_Officer_Portfolio_Size_Button(SupervisorPageTest.java:132)
at java.base/java.util.ArrayList.forEach(ArrayList.java:1541)
... Removed 31 stack frames]]>
    </failure>
  </testcase> <!-- Verify_Manage_Field_Officer_Portfolio_Size_Button -->
  <testcase classname="BetterLifeTest.SupervisorPageTest" name="Verify_Manage_Field_Officer_Distance_Travelled_Button" time="20.124"/>
  <testcase classname="BetterLifeTest.SupervisorPageTest" name="Verify_Send_For_Approval_Button" time="15.119"/>
</testsuite> <!-- Supervisor -->
