<?xml version="1.0" encoding="UTF-8"?>
<!-- Generated by org.testng.reporters.JUnitXMLReporter -->
<testsuite ignored="5" hostname="ENE" failures="0" tests="1" name="Admin(failed)" time="75.434" errors="0" timestamp="2023-01-20T17:55:02 WAT">
  <testcase classname="BetterLifeTest.AdminPageTest" name="Verify_Re_Assign_FO" time="75.429"/>
  <testcase classname="BetterLifeTest.AdminPageTest" name="Verify_Approve_All_Button" time="0.0">
    <ignored/>
  </testcase> <!-- Verify_Approve_All_Button -->
  <testcase classname="BetterLifeTest.AdminPageTest" name="Reset_Process_Test" time="0.0">
    <ignored/>
  </testcase> <!-- Reset_Process_Test -->
  <testcase classname="BetterLifeTest.AdminPageTest" name="Verify_Reject_All_Button" time="0.0">
    <ignored/>
  </testcase> <!-- Verify_Reject_All_Button -->
  <testcase classname="BetterLifeTest.AdminPageTest" name="Verify_Admin_Can_Switch_Hub" time="0.0">
    <ignored/>
  </testcase> <!-- Verify_Admin_Can_Switch_Hub -->
  <testcase classname="BetterLifeTest.AdminPageTest" name="Verify_Approve_And_Reject_A_Single_FO" time="0.0">
    <ignored/>
  </testcase> <!-- Verify_Approve_And_Reject_A_Single_FO -->
</testsuite> <!-- Admin(failed) -->
