<?xml version="1.0" encoding="UTF-8"?>
<!-- Generated by org.testng.reporters.JUnitXMLReporter -->
<testsuite ignored="7" hostname="ENE" failures="2" tests="2" name="Supervisor(failed)(failed)(failed)(failed)" time="52.811" errors="0" timestamp="2023-01-20T18:09:38 WAT">
  <testcase classname="BetterLifeTest.SupervisorPageTest" name="Verify_Remove_FO_From_Quadrant" time="37.209">
    <failure type="org.openqa.selenium.ElementClickInterceptedException" message="element click intercepted: Element &amp;lt;button class=&amp;quot;quadrant-btn&amp;quot;&amp;gt;...&amp;lt;/button&amp;gt; is not clickable at point (536, 319). Other element would receive the click: &amp;lt;div class=&amp;quot;flex flex-wrap justify-between mt-3  w-3/4 mb-4&amp;quot;&amp;gt;...&amp;lt;/div&amp;gt;
  (Session info: MicrosoftEdge=109.0.1518.55)
Build info: version: &amp;apos;4.3.0&amp;apos;, revision: &amp;apos;a4995e2c09*&amp;apos;
System info: host: &amp;apos;ENE&amp;apos;, ip: &amp;apos;192.168.77.240&amp;apos;, os.name: &amp;apos;Windows 11&amp;apos;, os.arch: &amp;apos;amd64&amp;apos;, os.version: &amp;apos;10.0&amp;apos;, java.version: &amp;apos;11.0.14&amp;apos;
Driver info: org.openqa.selenium.edge.EdgeDriver
Command: [89620a109c2e323bdef1df4f6b24dda5, clickElement {id=dc314cdd-006f-4d43-9b71-9b471690d630}]
Capabilities {acceptInsecureCerts: false, browserName: msedge, browserVersion: 109.0.1518.55, ms:edgeOptions: {debuggerAddress: localhost:51870}, msedge: {msedgedriverVersion: 109.0.1518.61 (354b36f96bab..., userDataDir: C:\Users\bglag\AppData\Loca...}, networkConnectionEnabled: false, pageLoadStrategy: normal, platformName: WINDOWS, proxy: Proxy(), se:cdp: ws://localhost:51870/devtoo..., se:cdpVersion: 109.0.1518.55, setWindowRect: true, strictFileInteractability: false, timeouts: {implicit: 0, pageLoad: 300000, script: 30000}, unhandledPromptBehavior: dismiss and notify, webauthn:extension:credBlob: true, webauthn:extension:largeBlob: true, webauthn:virtualAuthenticators: true}
Element: [[EdgeDriver: msedge on WINDOWS (89620a109c2e323bdef1df4f6b24dda5)] -&amp;gt; xpath: //button[normalize-space()=&amp;apos;View Field Officer Assignments&amp;apos;]]
Session ID: 89620a109c2e323bdef1df4f6b24dda5">
      <![CDATA[org.openqa.selenium.ElementClickInterceptedException: element click intercepted: Element <button class="quadrant-btn">...</button> is not clickable at point (536, 319). Other element would receive the click: <div class="flex flex-wrap justify-between mt-3  w-3/4 mb-4">...</div>
  (Session info: MicrosoftEdge=109.0.1518.55)
Build info: version: '4.3.0', revision: 'a4995e2c09*'
System info: host: 'ENE', ip: '192.168.77.240', os.name: 'Windows 11', os.arch: 'amd64', os.version: '10.0', java.version: '11.0.14'
Driver info: org.openqa.selenium.edge.EdgeDriver
Command: [89620a109c2e323bdef1df4f6b24dda5, clickElement {id=dc314cdd-006f-4d43-9b71-9b471690d630}]
Capabilities {acceptInsecureCerts: false, browserName: msedge, browserVersion: 109.0.1518.55, ms:edgeOptions: {debuggerAddress: localhost:51870}, msedge: {msedgedriverVersion: 109.0.1518.61 (354b36f96bab..., userDataDir: C:\Users\bglag\AppData\Loca...}, networkConnectionEnabled: false, pageLoadStrategy: normal, platformName: WINDOWS, proxy: Proxy(), se:cdp: ws://localhost:51870/devtoo..., se:cdpVersion: 109.0.1518.55, setWindowRect: true, strictFileInteractability: false, timeouts: {implicit: 0, pageLoad: 300000, script: 30000}, unhandledPromptBehavior: dismiss and notify, webauthn:extension:credBlob: true, webauthn:extension:largeBlob: true, webauthn:virtualAuthenticators: true}
Element: [[EdgeDriver: msedge on WINDOWS (89620a109c2e323bdef1df4f6b24dda5)] -> xpath: //button[normalize-space()='View Field Officer Assignments']]
Session ID: 89620a109c2e323bdef1df4f6b24dda5
at org.openqa.selenium.remote.codec.w3c.W3CHttpResponseCodec.createException(W3CHttpResponseCodec.java:200)
at org.openqa.selenium.remote.codec.w3c.W3CHttpResponseCodec.decode(W3CHttpResponseCodec.java:133)
at org.openqa.selenium.remote.codec.w3c.W3CHttpResponseCodec.decode(W3CHttpResponseCodec.java:53)
at org.openqa.selenium.remote.HttpCommandExecutor.execute(HttpCommandExecutor.java:184)
at org.openqa.selenium.remote.service.DriverCommandExecutor.invokeExecute(DriverCommandExecutor.java:167)
at org.openqa.selenium.remote.service.DriverCommandExecutor.execute(DriverCommandExecutor.java:142)
at org.openqa.selenium.remote.RemoteWebDriver.execute(RemoteWebDriver.java:569)
at org.openqa.selenium.remote.RemoteWebElement.execute(RemoteWebElement.java:257)
at org.openqa.selenium.remote.RemoteWebElement.click(RemoteWebElement.java:78)
at org.openqa.selenium.support.pagefactory.internal.LocatingElementHandler.invoke(LocatingElementHandler.java:52)
at com.sun.proxy.$Proxy14.click(Unknown Source)
at BetterLifePages.SupervisorPage.Remove_FO_From_Quadrant_1(SupervisorPage.java:129)
at BetterLifeTest.SupervisorPageTest.Verify_Remove_FO_From_Quadrant(SupervisorPageTest.java:61)
at java.base/java.util.ArrayList.forEach(ArrayList.java:1541)
... Removed 35 stack frames]]>
    </failure>
  </testcase> <!-- Verify_Remove_FO_From_Quadrant -->
  <testcase classname="BetterLifeTest.SupervisorPageTest" name="Add_Field_Officer_To_Village" time="15.531">
    <failure type="org.openqa.selenium.ElementClickInterceptedException" message="element click intercepted: Element &amp;lt;div class=&amp;quot;text-lg w-3/5 text-left&amp;quot;&amp;gt;...&amp;lt;/div&amp;gt; is not clickable at point (747, 277). Other element would receive the click: &amp;lt;div class=&amp;quot;loader&amp;quot;&amp;gt;&amp;lt;/div&amp;gt;
  (Session info: MicrosoftEdge=109.0.1518.55)
Build info: version: &amp;apos;4.3.0&amp;apos;, revision: &amp;apos;a4995e2c09*&amp;apos;
System info: host: &amp;apos;ENE&amp;apos;, ip: &amp;apos;192.168.77.240&amp;apos;, os.name: &amp;apos;Windows 11&amp;apos;, os.arch: &amp;apos;amd64&amp;apos;, os.version: &amp;apos;10.0&amp;apos;, java.version: &amp;apos;11.0.14&amp;apos;
Driver info: org.openqa.selenium.edge.EdgeDriver
Command: [68a7efcce73ca6c43644ac3086dff933, clickElement {id=0a77e088-8f6b-44d8-bbda-150138492744}]
Capabilities {acceptInsecureCerts: false, browserName: msedge, browserVersion: 109.0.1518.55, ms:edgeOptions: {debuggerAddress: localhost:51916}, msedge: {msedgedriverVersion: 109.0.1518.61 (354b36f96bab..., userDataDir: C:\Users\bglag\AppData\Loca...}, networkConnectionEnabled: false, pageLoadStrategy: normal, platformName: WINDOWS, proxy: Proxy(), se:cdp: ws://localhost:51916/devtoo..., se:cdpVersion: 109.0.1518.55, setWindowRect: true, strictFileInteractability: false, timeouts: {implicit: 0, pageLoad: 300000, script: 30000}, unhandledPromptBehavior: dismiss and notify, webauthn:extension:credBlob: true, webauthn:extension:largeBlob: true, webauthn:virtualAuthenticators: true}
Element: [[EdgeDriver: msedge on WINDOWS (68a7efcce73ca6c43644ac3086dff933)] -&amp;gt; xpath: //div[normalize-space()=&amp;apos;Assign Field officers to Villages within Quads&amp;apos;]]
Session ID: 68a7efcce73ca6c43644ac3086dff933">
      <![CDATA[org.openqa.selenium.ElementClickInterceptedException: element click intercepted: Element <div class="text-lg w-3/5 text-left">...</div> is not clickable at point (747, 277). Other element would receive the click: <div class="loader"></div>
  (Session info: MicrosoftEdge=109.0.1518.55)
Build info: version: '4.3.0', revision: 'a4995e2c09*'
System info: host: 'ENE', ip: '192.168.77.240', os.name: 'Windows 11', os.arch: 'amd64', os.version: '10.0', java.version: '11.0.14'
Driver info: org.openqa.selenium.edge.EdgeDriver
Command: [68a7efcce73ca6c43644ac3086dff933, clickElement {id=0a77e088-8f6b-44d8-bbda-150138492744}]
Capabilities {acceptInsecureCerts: false, browserName: msedge, browserVersion: 109.0.1518.55, ms:edgeOptions: {debuggerAddress: localhost:51916}, msedge: {msedgedriverVersion: 109.0.1518.61 (354b36f96bab..., userDataDir: C:\Users\bglag\AppData\Loca...}, networkConnectionEnabled: false, pageLoadStrategy: normal, platformName: WINDOWS, proxy: Proxy(), se:cdp: ws://localhost:51916/devtoo..., se:cdpVersion: 109.0.1518.55, setWindowRect: true, strictFileInteractability: false, timeouts: {implicit: 0, pageLoad: 300000, script: 30000}, unhandledPromptBehavior: dismiss and notify, webauthn:extension:credBlob: true, webauthn:extension:largeBlob: true, webauthn:virtualAuthenticators: true}
Element: [[EdgeDriver: msedge on WINDOWS (68a7efcce73ca6c43644ac3086dff933)] -> xpath: //div[normalize-space()='Assign Field officers to Villages within Quads']]
Session ID: 68a7efcce73ca6c43644ac3086dff933
at org.openqa.selenium.remote.codec.w3c.W3CHttpResponseCodec.createException(W3CHttpResponseCodec.java:200)
at org.openqa.selenium.remote.codec.w3c.W3CHttpResponseCodec.decode(W3CHttpResponseCodec.java:133)
at org.openqa.selenium.remote.codec.w3c.W3CHttpResponseCodec.decode(W3CHttpResponseCodec.java:53)
at org.openqa.selenium.remote.HttpCommandExecutor.execute(HttpCommandExecutor.java:184)
at org.openqa.selenium.remote.service.DriverCommandExecutor.invokeExecute(DriverCommandExecutor.java:167)
at org.openqa.selenium.remote.service.DriverCommandExecutor.execute(DriverCommandExecutor.java:142)
at org.openqa.selenium.remote.RemoteWebDriver.execute(RemoteWebDriver.java:569)
at org.openqa.selenium.remote.RemoteWebElement.execute(RemoteWebElement.java:257)
at org.openqa.selenium.remote.RemoteWebElement.click(RemoteWebElement.java:78)
at org.openqa.selenium.support.pagefactory.internal.LocatingElementHandler.invoke(LocatingElementHandler.java:52)
at com.sun.proxy.$Proxy14.click(Unknown Source)
at BetterLifePages.SupervisorPage.AddFieldOfficerToVillage1(SupervisorPage.java:159)
at BetterLifeTest.SupervisorPageTest.Add_Field_Officer_To_Village(SupervisorPageTest.java:109)
at java.base/java.util.ArrayList.forEach(ArrayList.java:1541)
... Removed 35 stack frames]]>
    </failure>
  </testcase> <!-- Add_Field_Officer_To_Village -->
  <testcase classname="BetterLifeTest.SupervisorPageTest" name="Verify_Manage_Field_Officer_Distance_Travelled_Button" time="0.0">
    <ignored/>
  </testcase> <!-- Verify_Manage_Field_Officer_Distance_Travelled_Button -->
  <testcase classname="BetterLifeTest.SupervisorPageTest" name="Verify_Manage_Field_Officer_Portfolio_Size_Button" time="0.0">
    <ignored/>
  </testcase> <!-- Verify_Manage_Field_Officer_Portfolio_Size_Button -->
  <testcase classname="BetterLifeTest.SupervisorPageTest" name="Verify_View_A_Field_Officer_Allocation" time="0.0">
    <ignored/>
  </testcase> <!-- Verify_View_A_Field_Officer_Allocation -->
  <testcase classname="BetterLifeTest.SupervisorPageTest" name="Verify_Add_FO_To_Quadrant" time="0.0">
    <ignored/>
  </testcase> <!-- Verify_Add_FO_To_Quadrant -->
  <testcase classname="BetterLifeTest.SupervisorPageTest" name="Verify_Send_For_Approval_Button" time="0.0">
    <ignored/>
  </testcase> <!-- Verify_Send_For_Approval_Button -->
  <testcase classname="BetterLifeTest.SupervisorPageTest" name="Add_Lead_Coach_Button_In_Go_To_Quadrant" time="0.0">
    <ignored/>
  </testcase> <!-- Add_Lead_Coach_Button_In_Go_To_Quadrant -->
  <testcase classname="BetterLifeTest.SupervisorPageTest" name="Verify_Add_FO_To_Quadrant_For_Assignment" time="0.0">
    <ignored/>
  </testcase> <!-- Verify_Add_FO_To_Quadrant_For_Assignment -->
</testsuite> <!-- Supervisor(failed)(failed)(failed)(failed) -->
