<?xml version="1.0" encoding="UTF-8"?>
<testng-results ignored="0" total="12" passed="12" failed="0" skipped="0">
  <reporter-output>
  </reporter-output>
  <suite started-at="2023-01-25T10:28:13 WAT" name="Default suite" finished-at="2023-01-25T10:29:44 WAT" duration-ms="90539">
    <groups>
    </groups>
    <test started-at="2023-01-25T10:28:13 WAT" name="Default test" finished-at="2023-01-25T10:29:44 WAT" duration-ms="90539">
      <class name="BetterLifeTest.LogingPageTest">
        <test-method signature="Verify_Admin_Login_LogOut()[pri:0, instance:BetterLifeTest.LogingPageTest@2a265ea9]" started-at="2023-01-25T10:28:13 WAT" name="Verify_Admin_Login_LogOut" description="This test case is to ensure admin can login and log out with valid username and password" finished-at="2023-01-25T10:28:27 WAT" duration-ms="14222" status="PASS">
          <reporter-output>
          </reporter-output>
        </test-method> <!-- Verify_Admin_Login_LogOut -->
        <test-method signature="Verify_Admin_Login_With_Empty_UserName_And_Password_Field()[pri:0, instance:BetterLifeTest.LogingPageTest@2a265ea9]" started-at="2023-01-25T10:28:27 WAT" name="Verify_Admin_Login_With_Empty_UserName_And_Password_Field" description="This test case is to ensure admin cannot login with empty username and password field" finished-at="2023-01-25T10:28:35 WAT" duration-ms="7942" status="PASS">
          <reporter-output>
          </reporter-output>
        </test-method> <!-- Verify_Admin_Login_With_Empty_UserName_And_Password_Field -->
        <test-method signature="Verify_Admin_Login_With_Invalid_UserName_Invalid_Password()[pri:0, instance:BetterLifeTest.LogingPageTest@2a265ea9]" started-at="2023-01-25T10:28:35 WAT" name="Verify_Admin_Login_With_Invalid_UserName_Invalid_Password" description="This test case is to ensure admin cannot login with an invalid username and an Invalid password" finished-at="2023-01-25T10:28:43 WAT" duration-ms="8262" status="PASS">
          <reporter-output>
          </reporter-output>
        </test-method> <!-- Verify_Admin_Login_With_Invalid_UserName_Invalid_Password -->
        <test-method signature="Verify_Admin_Login_With_Invalid_UserName_Valid_Password()[pri:0, instance:BetterLifeTest.LogingPageTest@2a265ea9]" started-at="2023-01-25T10:28:43 WAT" name="Verify_Admin_Login_With_Invalid_UserName_Valid_Password" description="This test case is to ensure admin cannot login with an invalid username and a valid password" finished-at="2023-01-25T10:28:53 WAT" duration-ms="9186" status="PASS">
          <reporter-output>
          </reporter-output>
        </test-method> <!-- Verify_Admin_Login_With_Invalid_UserName_Valid_Password -->
        <test-method signature="Verify_Admin_Login_With_Valid_UserName_Invalid_Password()[pri:0, instance:BetterLifeTest.LogingPageTest@2a265ea9]" started-at="2023-01-25T10:28:53 WAT" name="Verify_Admin_Login_With_Valid_UserName_Invalid_Password" description="This test case is to ensure admin cannot login with a valid username and an invalid password" finished-at="2023-01-25T10:29:01 WAT" duration-ms="8202" status="PASS">
          <reporter-output>
          </reporter-output>
        </test-method> <!-- Verify_Admin_Login_With_Valid_UserName_Invalid_Password -->
        <test-method signature="Verify_Direct_Supervisor_Login_Logout()[pri:0, instance:BetterLifeTest.LogingPageTest@2a265ea9]" started-at="2023-01-25T10:29:01 WAT" name="Verify_Direct_Supervisor_Login_Logout" description="This test case is to ensure Direct Program Supervisor can login and log out with valid username and password" finished-at="2023-01-25T10:29:10 WAT" duration-ms="8743" status="PASS">
          <reporter-output>
          </reporter-output>
        </test-method> <!-- Verify_Direct_Supervisor_Login_Logout -->
        <test-method signature="Verify_In_Season_Advisor_Login_Logout()[pri:0, instance:BetterLifeTest.LogingPageTest@2a265ea9]" started-at="2023-01-25T10:29:10 WAT" name="Verify_In_Season_Advisor_Login_Logout" description="This test case is to ensure In-season coach can login and log out with valid username and password" finished-at="2023-01-25T10:29:18 WAT" duration-ms="8520" status="PASS">
          <reporter-output>
          </reporter-output>
        </test-method> <!-- Verify_In_Season_Advisor_Login_Logout -->
        <test-method signature="Verify_Supervisor_Login_With_Empty_UserName_And_Password_Field()[pri:0, instance:BetterLifeTest.LogingPageTest@2a265ea9]" started-at="2023-01-25T10:29:18 WAT" name="Verify_Supervisor_Login_With_Empty_UserName_And_Password_Field" description="This test case is to ensure supervisor cannot login with empty username and password field" finished-at="2023-01-25T10:29:22 WAT" duration-ms="3376" status="PASS">
          <reporter-output>
          </reporter-output>
        </test-method> <!-- Verify_Supervisor_Login_With_Empty_UserName_And_Password_Field -->
        <test-method signature="Verify_Supervisor_Login_With_Invalid_UserName_Invalid_Password()[pri:0, instance:BetterLifeTest.LogingPageTest@2a265ea9]" started-at="2023-01-25T10:29:22 WAT" name="Verify_Supervisor_Login_With_Invalid_UserName_Invalid_Password" description="This test case is to ensure supervisor cannot login with an invalid username and an Invalid password" finished-at="2023-01-25T10:29:25 WAT" duration-ms="3388" status="PASS">
          <reporter-output>
          </reporter-output>
        </test-method> <!-- Verify_Supervisor_Login_With_Invalid_UserName_Invalid_Password -->
        <test-method signature="Verify_Supervisor_Login_With_Invalid_UserName_Valid_Password()[pri:0, instance:BetterLifeTest.LogingPageTest@2a265ea9]" started-at="2023-01-25T10:29:25 WAT" name="Verify_Supervisor_Login_With_Invalid_UserName_Valid_Password" description="This test case is to ensure supervisor cannot login with an invalid username and a valid password" finished-at="2023-01-25T10:29:29 WAT" duration-ms="3627" status="PASS">
          <reporter-output>
          </reporter-output>
        </test-method> <!-- Verify_Supervisor_Login_With_Invalid_UserName_Valid_Password -->
        <test-method signature="Verify_Supervisor_Login_With_Valid_UserName_Invalid_Password()[pri:0, instance:BetterLifeTest.LogingPageTest@2a265ea9]" started-at="2023-01-25T10:29:29 WAT" name="Verify_Supervisor_Login_With_Valid_UserName_Invalid_Password" description="This test case is to ensure supervisor cannot login with a valid username and an invalid password" finished-at="2023-01-25T10:29:33 WAT" duration-ms="4276" status="PASS">
          <reporter-output>
          </reporter-output>
        </test-method> <!-- Verify_Supervisor_Login_With_Valid_UserName_Invalid_Password -->
        <test-method signature="Verify_TGE_Supervisor_Login_Logout()[pri:0, instance:BetterLifeTest.LogingPageTest@2a265ea9]" started-at="2023-01-25T10:29:33 WAT" name="Verify_TGE_Supervisor_Login_Logout" description="This test case is to ensure TGE supervisor can login and log out with valid username and password" finished-at="2023-01-25T10:29:44 WAT" duration-ms="10730" status="PASS">
          <reporter-output>
          </reporter-output>
        </test-method> <!-- Verify_TGE_Supervisor_Login_Logout -->
      </class> <!-- BetterLifeTest.LogingPageTest -->
    </test> <!-- Default test -->
  </suite> <!-- Default suite -->
</testng-results>
